<?xml version="1.0" encoding="UTF-8"?>
<!-- Generated by org.testng.reporters.JUnitReportReporter -->
<testsuite hostname="DESKTOP-0VLAUKB" failures="0" tests="1" name="com.hrms.testscripts.TC002" time="26.210" errors="0" timestamp="13 Mar 2024 06:26:48 GMT">
  <testcase classname="com.hrms.testscripts.TC002" name="tc002" time="26.210"/>
</testsuite> <!-- com.hrms.testscripts.TC002 -->
