<?xml version="1.0" encoding="UTF-8"?>
<!-- Generated by org.testng.reporters.JUnitReportReporter -->
<testsuite hostname="DESKTOP-0VLAUKB" failures="0" tests="1" name="com.hrms.testscripts.TC001" time="8.960" errors="0" timestamp="13 Mar 2024 06:26:48 GMT">
  <testcase classname="com.hrms.testscripts.TC001" name="tc001" time="8.960"/>
</testsuite> <!-- com.hrms.testscripts.TC001 -->
